RamboAndroidStudio/Metal Black OPS/unity-android-resources/build/intermediates/manifest_merge_blame_file/debug/manifest-merger-blame-debug-report.txt
1<?xml version="1.0" encoding="utf-8"?>
2<manifest xmlns:android="http://schemas.android.com/apk/res/android"
3    package="com.sevenapp.metalblackops.resources"
4    android:versionCode="1"
5    android:versionName="1.0" >
6
7    <uses-sdk android:targetSdkVersion="29" />
7-->Metal Black OPS/unity-android-resources/AndroidManifest.xml
8
9</manifest>